#
# A fatal error has been detected by the Java Runtime Environment:
#
#  SIGSEGV (0xb) at pc=0x00012536, pid=14702, tid=1725389680
#
# JRE version: 6.0_24-b24
# Java VM: OpenJDK Server VM (20.0-b12 mixed mode linux-x86 )
# Derivative: IcedTea6 1.11.5
# Distribution: Ubuntu 11.10, package 6b24-1.11.5-0ubuntu1~11.10.1
# Problematic frame:
# C  0x00012536
[error occurred during error reporting (printing problematic frame), id 0xb]

# If you would like to submit a bug report, please include
# instructions how to reproduce the bug and visit:
#   https://bugs.launchpad.net/ubuntu/+source/openjdk-6/
# The crash happened outside the Java Virtual Machine in native code.
# See problematic frame for where to report the bug.
#

---------------  T H R E A D  ---------------

Current thread (0x6ba23800):  JavaThread "LWJGL Application" [_thread_in_native, id=14723, stack(0x66d25000,0x66d76000)]

siginfo:si_signo=SIGSEGV: si_errno=0, si_code=1 (SEGV_MAPERR), si_addr=0x00012536

Registers:
EAX=0x9fbe400c, EBX=0x6c3ddff4, ECX=0x00000050, EDX=0x656d2c10
ESP=0x66d74d2c, EBP=0x9fbe400c, ESI=0x6ba23920, EDI=0x66d74d88
EIP=0x00012536, EFLAGS=0x00010206, CR2=0x00012536

Top of Stack: (sp=0x66d74d2c)
0x66d74d2c:   6c3b20cb 656d2c10 9fbe400c 00000050
0x66d74d3c:   00000000 66d74d90 6ba23800 66d74d68
0x66d74d4c:   656d2c10 00000de1 00000001 9eaa308c
0x66d74d5c:   9fbd17e8 66d74d90 6ba23800 66d74da8
0x66d74d6c:   b37ba55a 6ba23920 66d74d90 66d74d88
0x66d74d7c:   66d74d8c 00000014 00000000 9fbe4000
0x66d74d8c:   9fbd17e8 6d723ef0 66d74db0 65695000
0x66d74d9c:   00000000 00000001 00000000 9fbd1730 

Instructions: (pc=0x00012536)
0x00012516:   
[error occurred during error reporting (printing registers, top of stack, instructions near pc), id 0xb]

Register to memory mapping:

EAX=0x9fbe400c is an unknown value
EBX=
[error occurred during error reporting (printing register info), id 0xb]

Stack: [0x66d25000,0x66d76000],  sp=0x66d74d2c,  free space=319k
Native frames: (J=compiled Java code, j=interpreted, Vv=VM code, C=native code)
C  0x00012536
[error occurred during error reporting (printing native stack), id 0xb]

Java frames: (J=compiled Java code, j=interpreted, Vv=VM code)
J  com.badlogic.gdx.utils.BufferUtils.copyJni([FLjava/nio/Buffer;II)V
J  com.badlogic.gdx.graphics.g2d.SpriteBatch.renderMesh()V
J  com.discobeard.spriter.SpriterPlayer.draw()V
J  com.spritertest.SpriterTest.render()V
j  com.badlogic.gdx.backends.lwjgl.LwjglApplication.mainLoop()V+494
j  com.badlogic.gdx.backends.lwjgl.LwjglApplication$1.run()V+27
v  ~StubRoutines::call_stub

---------------  P R O C E S S  ---------------

Java Threads: ( => current thread )
  0x6ba24000 JavaThread "DestroyJavaVM" [_thread_blocked, id=14707, stack(0xb677e000,0xb67cf000)]
=>0x6ba23800 JavaThread "LWJGL Application" [_thread_in_native, id=14723, stack(0x66d25000,0x66d76000)]
  0x6c2e7800 JavaThread "AWT-XAWT" daemon [_thread_in_native, id=14719, stack(0x6bbaf000,0x6bc00000)]
  0x6c28c800 JavaThread "Java2D Disposer" daemon [_thread_blocked, id=14718, stack(0x6be81000,0x6bed2000)]
  0x0813ac00 JavaThread "Low Memory Detector" daemon [_thread_blocked, id=14716, stack(0x6c4f1000,0x6c542000)]
  0x08137800 JavaThread "C2 CompilerThread1" daemon [_thread_blocked, id=14715, stack(0x6c542000,0x6c5c3000)]
  0x08135400 JavaThread "C2 CompilerThread0" daemon [_thread_blocked, id=14714, stack(0x6c5c3000,0x6c644000)]
  0x08134000 JavaThread "Signal Dispatcher" daemon [_thread_blocked, id=14713, stack(0x6c644000,0x6c695000)]
  0x08121400 JavaThread "Finalizer" daemon [_thread_blocked, id=14712, stack(0x6c895000,0x6c8e6000)]
  0x0811fc00 JavaThread "Reference Handler" daemon [_thread_blocked, id=14711, stack(0x6c8e6000,0x6c937000)]

Other Threads:
  0x0811bc00 VMThread [stack: 0x6c937000,0x6c9b8000] [id=14710]
  0x0813c800 WatcherThread [stack: 0x6c470000,0x6c4f1000] [id=14717]

VM state:not at safepoint (normal execution)

VM Mutex/Monitor currently owned by a thread: None

Heap
 PSYoungGen      total 18624K, used 2843K [0x9e9a0000, 0x9fe60000, 0xb3640000)
  eden space 16000K, 7% used [0x9e9a0000,0x9eac9d28,0x9f940000)
  from space 2624K, 62% used [0x9fbd0000,0x9fd6cef0,0x9fe60000)
  to   space 2624K, 0% used [0x9f940000,0x9f940000,0x9fbd0000)
 PSOldGen        total 42560K, used 0K [0x75040000, 0x779d0000, 0x9e9a0000)
  object space 42560K, 0% used [0x75040000,0x75040000,0x779d0000)
 PSPermGen       total 16384K, used 10401K [0x6d040000, 0x6e040000, 0x75040000)
  object space 16384K, 63% used [0x6d040000,0x6da68550,0x6e040000)

Code Cache  [0xb370f000, 0xb394f000, 0xb670f000)
 total_blobs=542 nmethods=267 adapters=229 free_code_cache=49449984 largest_free_block=5952

Dynamic libraries:
08048000-08051000 r-xp 00000000 fc:00 5899880    /usr/lib/jvm/java-6-openjdk/jre/bin/java
08051000-08052000 r--p 00008000 fc:00 5899880    /usr/lib/jvm/java-6-openjdk/jre/bin/java
08052000-08053000 rw-p 00009000 fc:00 5899880    /usr/lib/jvm/java-6-openjdk/jre/bin/java
08091000-09491000 rw-p 00000000 00:00 0          [heap]
62f2b000-64400000 rw-p 00000000 00:00 0 
64400000-644c4000 rw-p 00000000 00:00 0 
644c4000-64500000 ---p 00000000 00:00 0 
645c8000-64600000 rw-s 23295000 00:05 6639       /dev/dri/card0
64600000-646fa000 rw-p 00000000 00:00 0 
646fa000-64700000 ---p 00000000 00:00 0 
64700000-647b5000 rw-p 00000000 00:00 0 
647b5000-64800000 ---p 00000000 00:00 0 
64800000-648bb000 rw-p 00000000 00:00 0 
648bb000-64900000 ---p 00000000 00:00 0 
64900000-64a00000 rw-p 00000000 00:00 0 
64a00000-64c00000 rw-p 00000000 00:00 0 
64c00000-64e00000 rw-p 00000000 00:00 0 
64e00000-65000000 rw-p 00000000 00:00 0 
65000000-65100000 rw-p 00000000 00:00 0 
65160000-65190000 rw-s 2a8db000 00:05 6639       /dev/dri/card0
65190000-651f0000 rw-s 2cd9b000 00:05 6639       /dev/dri/card0
651f0000-65220000 rw-s 2cd6b000 00:05 6639       /dev/dri/card0
65220000-65280000 rw-s 2ccf3000 00:05 6639       /dev/dri/card0
65280000-652e0000 rw-s 2a87b000 00:05 6639       /dev/dri/card0
652e0000-65340000 rw-s 2a81b000 00:05 6639       /dev/dri/card0
65340000-653a0000 rw-s 2a7bb000 00:05 6639       /dev/dri/card0
653a0000-65400000 rw-s 23235000 00:05 6639       /dev/dri/card0
65400000-654cb000 rw-p 00000000 00:00 0 
654cb000-65500000 ---p 00000000 00:00 0 
65528000-65588000 rw-s 2aa7f000 00:05 6639       /dev/dri/card0
65588000-655a0000 rw-s 2aa67000 00:05 6639       /dev/dri/card0
655a0000-655b8000 rw-s 2aa4f000 00:05 6639       /dev/dri/card0
655b8000-655d0000 rw-s 2aa37000 00:05 6639       /dev/dri/card0
655d0000-655e8000 rw-s 2aa1f000 00:05 6639       /dev/dri/card0
655e8000-65600000 rw-s 2aa07000 00:05 6639       /dev/dri/card0
65600000-65800000 rw-p 00000000 00:00 0 
65800000-65900000 rw-p 00000000 00:00 0 
65903000-6591b000 rw-s 2cd53000 00:05 6639       /dev/dri/card0
6591b000-65933000 rw-s 2a9ef000 00:05 6639       /dev/dri/card0
65933000-6594b000 rw-s 2a9d7000 00:05 6639       /dev/dri/card0
6594b000-66772000 rw-p 00000000 00:00 0 
66787000-6679f000 rw-s 2a9bf000 00:05 6639       /dev/dri/card0
6679f000-667b7000 rw-s 2a9a7000 00:05 6639       /dev/dri/card0
667b7000-667ef000 rw-s 2a957000 00:05 6639       /dev/dri/card0
667ef000-667f7000 r-xp 00000000 fc:00 800740     /usr/lib/i386-linux-gnu/libpciaccess.so.0.10.8
667f7000-667f8000 r--p 00007000 fc:00 800740     /usr/lib/i386-linux-gnu/libpciaccess.so.0.10.8
667f8000-667f9000 rw-p 00008000 fc:00 800740     /usr/lib/i386-linux-gnu/libpciaccess.so.0.10.8
667f9000-66804000 r-xp 00000000 fc:00 800730     /usr/lib/i386-linux-gnu/libdrm_intel.so.1.0.0
66804000-66805000 r--p 0000a000 fc:00 800730     /usr/lib/i386-linux-gnu/libdrm_intel.so.1.0.0
66805000-66806000 rw-p 0000b000 fc:00 800730     /usr/lib/i386-linux-gnu/libdrm_intel.so.1.0.0
66806000-6682c000 r-xp 00000000 fc:00 793640     /lib/i386-linux-gnu/libexpat.so.1.5.2
6682c000-6682e000 r--p 00026000 fc:00 793640     /lib/i386-linux-gnu/libexpat.so.1.5.2
6682e000-6682f000 rw-p 00028000 fc:00 793640     /lib/i386-linux-gnu/libexpat.so.1.5.2
6682f000-6693b000 r-xp 00000000 fc:00 793754     /usr/lib/i386-linux-gnu/dri/libglsl.so
6693b000-66940000 r--p 0010b000 fc:00 793754     /usr/lib/i386-linux-gnu/dri/libglsl.so
66940000-66942000 rw-p 00110000 fc:00 793754     /usr/lib/i386-linux-gnu/dri/libglsl.so
66942000-66943000 rw-p 00000000 00:00 0 
66943000-66b71000 r-xp 00000000 fc:00 793744     /usr/lib/i386-linux-gnu/dri/libdricore.so
66b71000-66b72000 ---p 0022e000 fc:00 793744     /usr/lib/i386-linux-gnu/dri/libdricore.so
66b72000-66b78000 r--p 0022e000 fc:00 793744     /usr/lib/i386-linux-gnu/dri/libdricore.so
66b78000-66b7a000 rw-p 00234000 fc:00 793744     /usr/lib/i386-linux-gnu/dri/libdricore.so
66b7a000-66b8a000 rw-p 00000000 00:00 0 
66b8a000-66c46000 r-xp 00000000 fc:00 793743     /usr/lib/i386-linux-gnu/dri/i965_dri.so
66c46000-66c48000 r--p 000bc000 fc:00 793743     /usr/lib/i386-linux-gnu/dri/i965_dri.so
66c48000-66c4a000 rw-p 000be000 fc:00 793743     /usr/lib/i386-linux-gnu/dri/i965_dri.so
66c4a000-66c4b000 rw-p 00000000 00:00 0 
66c4b000-66c55000 r-xp 00000000 fc:00 800736     /usr/lib/i386-linux-gnu/libdrm.so.2.4.0
66c55000-66c56000 r--p 00009000 fc:00 800736     /usr/lib/i386-linux-gnu/libdrm.so.2.4.0
66c56000-66c57000 rw-p 0000a000 fc:00 800736     /usr/lib/i386-linux-gnu/libdrm.so.2.4.0
66c57000-66ca4000 r-xp 00000000 fc:00 787805     /usr/lib/i386-linux-gnu/mesa/libGL.so.1.2
66ca4000-66ca6000 r--p 0004c000 fc:00 787805     /usr/lib/i386-linux-gnu/mesa/libGL.so.1.2
66ca6000-66caa000 rwxp 0004e000 fc:00 787805     /usr/lib/i386-linux-gnu/mesa/libGL.so.1.2
66caa000-66cab000 rwxp 00000000 00:00 0 
66cbc000-66cd4000 rw-s 2a98f000 00:05 6639       /dev/dri/card0
66cd4000-66cd7000 ---p 00000000 00:00 0 
66cd7000-66d25000 rw-p 00000000 00:00 0 
66d25000-66d28000 ---p 00000000 00:00 0 
66d28000-66d76000 rw-p 00000000 00:00 0 
66d76000-66d77000 ---p 00000000 00:00 0 
66d77000-66e77000 rw-p 00000000 00:00 0 
66e77000-6ae78000 rw-s 00000000 00:12 167763     /run/shm/pulse-shm-1463272928
6ae78000-6aea1000 rw-p 00000000 00:00 0 
6aea1000-6aea2000 ---p 00000000 00:00 0 
6aea2000-6b6a2000 rw-p 00000000 00:00 0 
6b6a2000-6b6cb000 r-xp 00000000 fc:00 800973     /usr/lib/i386-linux-gnu/libvorbis.so.0.4.5
6b6cb000-6b6cc000 r--p 00028000 fc:00 800973     /usr/lib/i386-linux-gnu/libvorbis.so.0.4.5
6b6cc000-6b6cd000 rw-p 00029000 fc:00 800973     /usr/lib/i386-linux-gnu/libvorbis.so.0.4.5
6b6cd000-6b833000 r-xp 00000000 fc:00 800955     /usr/lib/i386-linux-gnu/libvorbisenc.so.2.0.8
6b833000-6b844000 r--p 00165000 fc:00 800955     /usr/lib/i386-linux-gnu/libvorbisenc.so.2.0.8
6b844000-6b845000 rw-p 00176000 fc:00 800955     /usr/lib/i386-linux-gnu/libvorbisenc.so.2.0.8
6b845000-6b891000 r-xp 00000000 fc:00 800980     /usr/lib/i386-linux-gnu/libFLAC.so.8.2.0
6b891000-6b892000 r--p 0004b000 fc:00 800980     /usr/lib/i386-linux-gnu/libFLAC.so.8.2.0
6b892000-6b893000 rw-p 0004c000 fc:00 800980     /usr/lib/i386-linux-gnu/libFLAC.so.8.2.0
6b893000-6b8fe000 r-xp 00000000 fc:00 801009     /usr/lib/i386-linux-gnu/libsndfile.so.1.0.24
6b8fe000-6b8ff000 r--p 0006b000 fc:00 801009     /usr/lib/i386-linux-gnu/libsndfile.so.1.0.24
6b8ff000-6b900000 rw-p 0006c000 fc:00 801009     /usr/lib/i386-linux-gnu/libsndfile.so.1.0.24
6b900000-6b904000 rw-p 00000000 00:00 0 
6b904000-6b94b000 r-xp 00000000 fc:00 793704     /lib/i386-linux-gnu/libdbus-1.so.3.5.7
6b94b000-6b94c000 r--p 00046000 fc:00 793704     /lib/i386-linux-gnu/libdbus-1.so.3.5.7
6b94c000-6b94d000 rw-p 00047000 fc:00 793704     /lib/i386-linux-gnu/libdbus-1.so.3.5.7
6b94d000-6b9b0000 r-xp 00000000 fc:00 800847     /usr/lib/i386-linux-gnu/libpulsecommon-1.0.so
6b9b0000-6b9b1000 r--p 00062000 fc:00 800847     /usr/lib/i386-linux-gnu/libpulsecommon-1.0.so
6b9b1000-6b9b2000 rw-p 00063000 fc:00 800847     /usr/lib/i386-linux-gnu/libpulsecommon-1.0.so
6b9b2000-6b9fe000 r-xp 00000000 fc:00 800797     /usr/lib/i386-linux-gnu/libpulse.so.0.13.4
6b9fe000-6b9ff000 r--p 0004b000 fc:00 800797     /usr/lib/i386-linux-gnu/libpulse.so.0.13.4
6b9ff000-6ba00000 rw-p 0004c000 fc:00 800797     /usr/lib/i386-linux-gnu/libpulse.so.0.13.4
6ba00000-6bb00000 rw-p 00000000 00:00 0 
6bb03000-6bb4e000 r-xp 00000000 fc:00 4325421    /tmp/libgdxreich/807098136/libopenal.so
6bb4e000-6bb4f000 r--p 0004b000 fc:00 4325421    /tmp/libgdxreich/807098136/libopenal.so
6bb4f000-6bb50000 rw-p 0004c000 fc:00 4325421    /tmp/libgdxreich/807098136/libopenal.so
6bb50000-6bbad000 r-xp 00000000 fc:00 4325422    /tmp/libgdxreich/807098136/liblwjgl.so
6bbad000-6bbae000 r--p 0005c000 fc:00 4325422    /tmp/libgdxreich/807098136/liblwjgl.so
6bbae000-6bbaf000 rw-p 0005d000 fc:00 4325422    /tmp/libgdxreich/807098136/liblwjgl.so
6bbaf000-6bbb2000 ---p 00000000 00:00 0 
6bbb2000-6bc00000 rw-p 00000000 00:00 0 
6bc00000-6bcfe000 rw-p 00000000 00:00 0 
6bcfe000-6bd00000 ---p 00000000 00:00 0 
6bd06000-6bd19000 r-xp 00000000 fc:00 804599     /lib/i386-linux-gnu/libresolv-2.13.so
6bd19000-6bd1a000 r--p 00012000 fc:00 804599     /lib/i386-linux-gnu/libresolv-2.13.so
6bd1a000-6bd1b000 rw-p 00013000 fc:00 804599     /lib/i386-linux-gnu/libresolv-2.13.so
6bd1b000-6bd1d000 rw-p 00000000 00:00 0 
6bd1d000-6bd23000 r-xp 00000000 fc:00 800978     /usr/lib/i386-linux-gnu/libogg.so.0.7.1
6bd23000-6bd24000 r--p 00005000 fc:00 800978     /usr/lib/i386-linux-gnu/libogg.so.0.7.1
6bd24000-6bd25000 rw-p 00006000 fc:00 800978     /usr/lib/i386-linux-gnu/libogg.so.0.7.1
6bd25000-6bd3a000 r-xp 00000000 fc:00 804605     /lib/i386-linux-gnu/libnsl-2.13.so
6bd3a000-6bd3b000 r--p 00015000 fc:00 804605     /lib/i386-linux-gnu/libnsl-2.13.so
6bd3b000-6bd3c000 rw-p 00016000 fc:00 804605     /lib/i386-linux-gnu/libnsl-2.13.so
6bd3c000-6bd3e000 rw-p 00000000 00:00 0 
6bd3e000-6bd46000 r-xp 00000000 fc:00 793601     /lib/i386-linux-gnu/libwrap.so.0.7.6
6bd46000-6bd47000 r--p 00007000 fc:00 793601     /lib/i386-linux-gnu/libwrap.so.0.7.6
6bd47000-6bd48000 rw-p 00008000 fc:00 793601     /lib/i386-linux-gnu/libwrap.so.0.7.6
6bd48000-6bd49000 r--s 00000000 fc:00 666148     /var/cache/fontconfig/c05880de57d1f5e948fdfacc138775d9-le32d4.cache-3
6bd49000-6bd4f000 r--s 00000000 fc:00 666133     /var/cache/fontconfig/945677eb7aeaf62f1d50efc3fb3ec7d8-le32d4.cache-3
6bd4f000-6bd51000 r--s 00000000 fc:00 666146     /var/cache/fontconfig/99e8ed0e538f840c565b6ed5dad60d56-le32d4.cache-3
6bd51000-6bd54000 r--s 00000000 fc:00 666145     /var/cache/fontconfig/e383d7ea5fbe662a33d9b44caf393297-le32d4.cache-3
6bd54000-6bd57000 r--s 00000000 fc:00 666144     /var/cache/fontconfig/2cd17615ca594fa2959ae173292e504c-le32d4.cache-3
6bd57000-6bd58000 r--s 00000000 fc:00 666302     /var/cache/fontconfig/e3fa16a14183b06aa45b3e009278fd14-le32d4.cache-3
6bd58000-6bd59000 r--s 00000000 fc:00 666143     /var/cache/fontconfig/e7071f4a29fa870f4323321c154eba04-le32d4.cache-3
6bd59000-6bd5b000 r--s 00000000 fc:00 666255     /var/cache/fontconfig/b5ea634b0fb353b8ea17632d1f9ef766-le32d4.cache-3
6bd5b000-6bd5f000 r--s 00000000 fc:00 666142     /var/cache/fontconfig/6eb3985aa4124903f6ff08ba781cd364-le32d4.cache-3
6bd5f000-6bd60000 r--s 00000000 fc:00 666141     /var/cache/fontconfig/4c73fe0c47614734b17d736dbde7580a-le32d4.cache-3
6bd60000-6bd61000 r--s 00000000 fc:00 666140     /var/cache/fontconfig/0d8c3b2ac0904cb8a57a757ad11a4a08-le32d4.cache-3
6bd61000-6bd62000 r--s 00000000 fc:00 666139     /var/cache/fontconfig/6a53c69dea097a2d716e069445527da8-le32d4.cache-3
6bd62000-6bd66000 r--s 00000000 fc:00 666138     /var/cache/fontconfig/a755afe4a08bf5b97852ceb7400b47bc-le32d4.cache-3
6bd66000-6bd67000 r--s 00000000 fc:00 666301     /var/cache/fontconfig/79517df041c92e3f2b4a9700e7dbe3c7-le32d4.cache-3
6bd67000-6bd68000 r--s 00000000 fc:00 666300     /var/cache/fontconfig/4abdb2dd99886b2b2d3168a6b22d0473-le32d4.cache-3
6bd68000-6bd69000 r--s 00000000 fc:00 666299     /var/cache/fontconfig/b9af901c4f3947128be824d599af5f25-le32d4.cache-3
6bd69000-6bd6a000 r--s 00000000 fc:00 666298     /var/cache/fontconfig/a18183678af55fd6535fa2d00e080189-le32d4.cache-3
6bd6a000-6bd6c000 r--s 00000000 fc:00 666297     /var/cache/fontconfig/90e84e89a4382a8db77728561d41356d-le32d4.cache-3
6bd6c000-6bd6d000 r--s 00000000 fc:00 666296     /var/cache/fontconfig/b73ae53b2eee308c3d7feb99ac2d34cd-le32d4.cache-3
6bd6d000-6bd6e000 r--s 00000000 fc:00 666295     /var/cache/fontconfig/407fd690308a0b04640307de6deab6da-le32d4.cache-3
6bd6e000-6bd70000 r--s 00000000 fc:00 666294     /var/cache/fontconfig/8039e78ad04dad2b193eec8c5f90bc4d-le32d4.cache-3
6bd70000-6bd71000 r--s 00000000 fc:00 666293     /var/cache/fontconfig/27f6fa40476fb33ad65cb210c133a216-le32d4.cache-3
6bd71000-6bd72000 r--s 00000000 fc:00 666292     /var/cache/fontconfig/98d684ad3abba16030bd60992dc9c5d7-le32d4.cache-3
6bd72000-6bd74000 r--s 00000000 fc:00 666291     /var/cache/fontconfig/9123b38b1c36356a690c2f0bc4cbf728-le32d4.cache-3
6bd74000-6bd7b000 r--s 00000000 fc:00 666254     /var/cache/fontconfig/6d41288fd70b0be22e8c3a91e032eec0-le32d4.cache-3
6bd7b000-6bd86000 r--s 00000000 fc:00 666137     /var/cache/fontconfig/0f34bcd4b6ee430af32735b75db7f02b-le32d4.cache-3
6bd86000-6bd89000 r--s 00000000 fc:00 666136     /var/cache/fontconfig/d60319d88cac85ba9e1a07bd06cfbb8c-le32d4.cache-3
6bd89000-6bd8a000 r--s 00000000 fc:00 666305     /var/cache/fontconfig/4794a0821666d79190d59a36cb4f44b5-le32d4.cache-3
6bd8a000-6bd8f000 r--s 00000000 fc:00 666290     /var/cache/fontconfig/ce677e824a231659fde4a3a246a10ea3-le32d4.cache-3
6bd8f000-6bd9c000 r--s 00000000 fc:00 666132     /var/cache/fontconfig/d52a8644073d54c13679302ca1180695-le32d4.cache-3
6bd9c000-6bda1000 r--s 00000000 fc:00 666253     /var/cache/fontconfig/105b9c7e6f0a4f82d8c9b6e39c52c6f9-le32d4.cache-3
6bda1000-6bda6000 r-xp 00000000 fc:00 800890     /usr/lib/i386-linux-gnu/libasyncns.so.0.3.1
6bda6000-6bda7000 r--p 00004000 fc:00 800890     /usr/lib/i386-linux-gnu/libasyncns.so.0.3.1
6bda7000-6bda8000 rw-p 00005000 fc:00 800890     /usr/lib/i386-linux-gnu/libasyncns.so.0.3.1
6bda8000-6bdae000 r-xp 00000000 fc:00 801005     /usr/lib/i386-linux-gnu/libjson.so.0.0.1
6bdae000-6bdaf000 r--p 00005000 fc:00 801005     /usr/lib/i386-linux-gnu/libjson.so.0.0.1
6bdaf000-6bdb0000 rw-p 00006000 fc:00 801005     /usr/lib/i386-linux-gnu/libjson.so.0.0.1
6bdb0000-6bdb7000 r-xp 00000000 fc:00 800831     /usr/lib/i386-linux-gnu/libXrandr.so.2.2.0
6bdb7000-6bdb8000 r--p 00006000 fc:00 800831     /usr/lib/i386-linux-gnu/libXrandr.so.2.2.0
6bdb8000-6bdb9000 rw-p 00007000 fc:00 800831     /usr/lib/i386-linux-gnu/libXrandr.so.2.2.0
6bdb9000-6bdbd000 r-xp 00000000 fc:00 800927     /usr/lib/i386-linux-gnu/libXfixes.so.3.1.0
6bdbd000-6bdbe000 r--p 00003000 fc:00 800927     /usr/lib/i386-linux-gnu/libXfixes.so.3.1.0
6bdbe000-6bdbf000 rw-p 00004000 fc:00 800927     /usr/lib/i386-linux-gnu/libXfixes.so.3.1.0
6bdbf000-6bdc8000 r-xp 00000000 fc:00 800929     /usr/lib/i386-linux-gnu/libXcursor.so.1.0.2
6bdc8000-6bdc9000 r--p 00008000 fc:00 800929     /usr/lib/i386-linux-gnu/libXcursor.so.1.0.2
6bdc9000-6bdca000 rw-p 00009000 fc:00 800929     /usr/lib/i386-linux-gnu/libXcursor.so.1.0.2
6bdca000-6bdcb000 r--s 00000000 fc:00 666148     /var/cache/fontconfig/c05880de57d1f5e948fdfacc138775d9-le32d4.cache-3
6bdcb000-6bdd1000 r--s 00000000 fc:00 666133     /var/cache/fontconfig/945677eb7aeaf62f1d50efc3fb3ec7d8-le32d4.cache-3
6bdd1000-6bdd3000 r--s 00000000 fc:00 666146     /var/cache/fontconfig/99e8ed0e538f840c565b6ed5dad60d56-le32d4.cache-3
6bdd3000-6bdd6000 r--s 00000000 fc:00 666145     /var/cache/fontconfig/e383d7ea5fbe662a33d9b44caf393297-le32d4.cache-3
6bdd6000-6bdd9000 r--s 00000000 fc:00 666144     /var/cache/fontconfig/2cd17615ca594fa2959ae173292e504c-le32d4.cache-3
6bdd9000-6bdda000 r--s 00000000 fc:00 666302     /var/cache/fontconfig/e3fa16a14183b06aa45b3e009278fd14-le32d4.cache-3
6bdda000-6bddb000 r--s 00000000 fc:00 666143     /var/cache/fontconfig/e7071f4a29fa870f4323321c154eba04-le32d4.cache-3
6bddb000-6bddd000 r--s 00000000 fc:00 666255     /var/cache/fontconfig/b5ea634b0fb353b8ea17632d1f9ef766-le32d4.cache-3
6bddd000-6bde1000 r--s 00000000 fc:00 666142     /var/cache/fontconfig/6eb3985aa4124903f6ff08ba781cd364-le32d4.cache-3
6bde1000-6bde2000 r--s 00000000 fc:00 666141     /var/cache/fontconfig/4c73fe0c47614734b17d736dbde7580a-le32d4.cache-3
6bde2000-6bde3000 r--s 00000000 fc:00 666140     /var/cache/fontconfig/0d8c3b2ac0904cb8a57a757ad11a4a08-le32d4.cache-3
6bde3000-6bde4000 r--s 00000000 fc:00 666139     /var/cache/fontconfig/6a53c69dea097a2d716e069445527da8-le32d4.cache-3
6bde4000-6bde8000 r--s 00000000 fc:00 666138     /var/cache/fontconfig/a755afe4a08bf5b97852ceb7400b47bc-le32d4.cache-3
6bde8000-6bde9000 r--s 00000000 fc:00 666301     /var/cache/fontconfig/79517df041c92e3f2b4a9700e7dbe3c7-le32d4.cache-3
6bde9000-6bdea000 r--s 00000000 fc:00 666300     /var/cache/fontconfig/4abdb2dd99886b2b2d3168a6b22d0473-le32d4.cache-3
6bdea000-6bdeb000 r--s 00000000 fc:00 666299     /var/cache/fontconfig/b9af901c4f3947128be824d599af5f25-le32d4.cache-3
6bdeb000-6bdec000 r--s 00000000 fc:00 666298     /var/cache/fontconfig/a18183678af55fd6535fa2d00e080189-le32d4.cache-3
6bdec000-6bdee000 r--s 00000000 fc:00 666297     /var/cache/fontconfig/90e84e89a4382a8db77728561d41356d-le32d4.cache-3
6bdee000-6bdef000 r--s 00000000 fc:00 666296     /var/cache/fontconfig/b73ae53b2eee308c3d7feb99ac2d34cd-le32d4.cache-3
6bdef000-6bdf0000 r--s 00000000 fc:00 666295     /var/cache/fontconfig/407fd690308a0b04640307de6deab6da-le32d4.cache-3
6bdf0000-6bdf2000 r--s 00000000 fc:00 666294     /var/cache/fontconfig/8039e78ad04dad2b193eec8c5f90bc4d-le32d4.cache-3
6bdf2000-6bdf3000 r--s 00000000 fc:00 666293     /var/cache/fontconfig/27f6fa40476fb33ad65cb210c133a216-le32d4.cache-3
6bdf3000-6bdf4000 r--s 00000000 fc:00 666292     /var/cache/fontconfig/98d684ad3abba16030bd60992dc9c5d7-le32d4.cache-3
6bdf4000-6bdf6000 r--s 00000000 fc:00 666291     /var/cache/fontconfig/9123b38b1c36356a690c2f0bc4cbf728-le32d4.cache-3
6bdf6000-6bdfd000 r--s 00000000 fc:00 666254     /var/cache/fontconfig/6d41288fd70b0be22e8c3a91e032eec0-le32d4.cache-3
6bdfd000-6be08000 r--s 00000000 fc:00 666137     /var/cache/fontconfig/0f34bcd4b6ee430af32735b75db7f02b-le32d4.cache-3
6be08000-6be0b000 r--s 00000000 fc:00 666136     /var/cache/fontconfig/d60319d88cac85ba9e1a07bd06cfbb8c-le32d4.cache-3
6be0b000-6be0c000 r--s 00000000 fc:00 666305     /var/cache/fontconfig/4794a0821666d79190d59a36cb4f44b5-le32d4.cache-3
6be0c000-6be11000 r--s 00000000 fc:00 666290     /var/cache/fontconfig/ce677e824a231659fde4a3a246a10ea3-le32d4.cache-3
6be11000-6be1e000 r--s 00000000 fc:00 666132     /var/cache/fontconfig/d52a8644073d54c13679302ca1180695-le32d4.cache-3
6be1e000-6be23000 r--s 00000000 fc:00 666253     /var/cache/fontconfig/105b9c7e6f0a4f82d8c9b6e39c52c6f9-le32d4.cache-3
6be24000-6be25000 rw-s 1f54a000 00:05 6639       /dev/dri/card0
6be25000-6be27000 rw-s 00000000 00:04 168783     /drm mm object (deleted)
6be27000-6be2b000 r-xp 00000000 fc:00 800988     /usr/lib/i386-linux-gnu/libXxf86vm.so.1.0.0
6be2b000-6be2c000 r--p 00003000 fc:00 800988     /usr/lib/i386-linux-gnu/libXxf86vm.so.1.0.0
6be2c000-6be2d000 rw-p 00004000 fc:00 800988     /usr/lib/i386-linux-gnu/libXxf86vm.so.1.0.0
6be2d000-6be2f000 r-xp 00000000 fc:00 800931     /usr/lib/i386-linux-gnu/libXdamage.so.1.1.0
6be2f000-6be30000 r--p 00001000 fc:00 800931     /usr/lib/i386-linux-gnu/libXdamage.so.1.1.0
6be30000-6be31000 rw-p 00002000 fc:00 800931     /usr/lib/i386-linux-gnu/libXdamage.so.1.1.0
6be31000-6be40000 r-xp 00000000 fc:00 800838     /usr/lib/i386-linux-gnu/libglapi.so.0.0.0
6be40000-6be42000 r--p 0000e000 fc:00 800838     /usr/lib/i386-linux-gnu/libglapi.so.0.0.0
6be42000-6be46000 rwxp 00010000 fc:00 800838     /usr/lib/i386-linux-gnu/libglapi.so.0.0.0
6be46000-6be47000 rwxp 00000000 00:00 0 
6be47000-6be4e000 r--s 00000000 fc:00 804534     /usr/lib/i386-linux-gnu/gconv/gconv-modules.cache
6be4e000-6be4f000 r-xp 00000000 fc:00 5907743    /usr/lib/jvm/java-6-openjdk/jre/lib/i386/libjawt.so
6be4f000-6be50000 r--p 00000000 fc:00 5907743    /usr/lib/jvm/java-6-openjdk/jre/lib/i386/libjawt.so
6be50000-6be51000 rw-p 00001000 fc:00 5907743    /usr/lib/jvm/java-6-openjdk/jre/lib/i386/libjawt.so
6be51000-6be58000 r--s 000fb000 fc:00 5899838    /usr/lib/jvm/java-6-openjdk/jre/lib/resources.jar
6be58000-6be6a000 r--s 00000000 fc:00 666287     /var/cache/fontconfig/e13b20fdb08344e0e664864cc2ede53d-le32d4.cache-3
6be6a000-6be6d000 r--s 00000000 fc:00 666289     /var/cache/fontconfig/7ef2298fde41cc6eeb7af42e48b7d293-le32d4.cache-3
6be6d000-6be73000 r--s 00000000 fc:00 666286     /var/cache/fontconfig/b83386915dae36184c7e3985fd26e4b1-le32d4.cache-3
6be73000-6be81000 r--s 00000000 fc:00 666251     /var/cache/fontconfig/865f88548240fee46819705c6468c165-le32d4.cache-3
6be81000-6be84000 ---p 00000000 00:00 0 
6be84000-6bed2000 rw-p 00000000 00:00 0 
6bed2000-6bf64000 r-xp 00000000 fc:00 801060     /usr/lib/i386-linux-gnu/libfreetype.so.6.6.2
6bf64000-6bf68000 r--p 00091000 fc:00 801060     /usr/lib/i386-linux-gnu/libfreetype.so.6.6.2
6bf68000-6bf69000 rw-p 00095000 fc:00 801060     /usr/lib/i386-linux-gnu/libfreetype.so.6.6.2
6bf69000-6bfa3000 r-xp 00000000 fc:00 5912684    /usr/lib/jvm/java-6-openjdk/jre/lib/i386/libfontmanager.so
6bfa3000-6bfa4000 r--p 00039000 fc:00 5912684    /usr/lib/jvm/java-6-openjdk/jre/lib/i386/libfontmanager.so
6bfa4000-6bfa5000 rw-p 0003a000 fc:00 5912684    /usr/lib/jvm/java-6-openjdk/jre/lib/i386/libfontmanager.so
6bfa5000-6bfaa000 r-xp 00000000 fc:00 800804     /usr/lib/i386-linux-gnu/libXdmcp.so.6.0.0
6bfaa000-6bfab000 r--p 00004000 fc:00 800804     /usr/lib/i386-linux-gnu/libXdmcp.so.6.0.0
6bfab000-6bfac000 rw-p 00005000 fc:00 800804     /usr/lib/i386-linux-gnu/libXdmcp.so.6.0.0
6bfac000-6bfae000 r-xp 00000000 fc:00 800802     /usr/lib/i386-linux-gnu/libXau.so.6.0.0
6bfae000-6bfaf000 r--p 00001000 fc:00 800802     /usr/lib/i386-linux-gnu/libXau.so.6.0.0
6bfaf000-6bfb0000 rw-p 00002000 fc:00 800802     /usr/lib/i386-linux-gnu/libXau.so.6.0.0
6bfb0000-6bfcd000 r-xp 00000000 fc:00 800806     /usr/lib/i386-linux-gnu/libxcb.so.1.1.0
6bfcd000-6bfce000 r--p 0001c000 fc:00 800806     /usr/lib/i386-linux-gnu/libxcb.so.1.1.0
6bfce000-6bfcf000 rw-p 0001d000 fc:00 800806     /usr/lib/i386-linux-gnu/libxcb.so.1.1.0
6bfcf000-6c100000 r-xp 00000000 fc:00 800808     /usr/lib/i386-linux-gnu/libX11.so.6.3.0
6c100000-6c101000 ---p 00131000 fc:00 800808     /usr/lib/i386-linux-gnu/libX11.so.6.3.0
6c101000-6c102000 r--p 00131000 fc:00 800808     /usr/lib/i386-linux-gnu/libX11.so.6.3.0
6c102000-6c104000 rw-p 00132000 fc:00 800808     /usr/lib/i386-linux-gnu/libX11.so.6.3.0
6c104000-6c105000 rw-p 00000000 00:00 0 
6c105000-6c116000 r-xp 00000000 fc:00 800820     /usr/lib/i386-linux-gnu/libXext.so.6.4.0
6c116000-6c117000 r--p 00010000 fc:00 800820     /usr/lib/i386-linux-gnu/libXext.so.6.4.0
6c117000-6c118000 rw-p 00011000 fc:00 800820     /usr/lib/i386-linux-gnu/libXext.so.6.4.0
6c118000-6c12a000 r--s 00000000 fc:00 666287     /var/cache/fontconfig/e13b20fdb08344e0e664864cc2ede53d-le32d4.cache-3
6c12a000-6c12d000 r--s 00000000 fc:00 666289     /var/cache/fontconfig/7ef2298fde41cc6eeb7af42e48b7d293-le32d4.cache-3
6c12d000-6c133000 r--s 00000000 fc:00 666286     /var/cache/fontconfig/b83386915dae36184c7e3985fd26e4b1-le32d4.cache-3
6c133000-6c141000 r--s 00000000 fc:00 666251     /var/cache/fontconfig/865f88548240fee46819705c6468c165-le32d4.cache-3
6c141000-6c1d4000 r-xp 00000000 fc:00 5907734    /usr/lib/jvm/java-6-openjdk/jre/lib/i386/libawt.so
6c1d4000-6c1d5000 r--p 00092000 fc:00 5907734    /usr/lib/jvm/java-6-openjdk/jre/lib/i386/libawt.so
6c1d5000-6c1dc000 rw-p 00093000 fc:00 5907734    /usr/lib/jvm/java-6-openjdk/jre/lib/i386/libawt.so
6c1dc000-6c200000 rw-p 00000000 00:00 0 
6c200000-6c2fd000 rw-p 00000000 00:00 0 
6c2fd000-6c300000 ---p 00000000 00:00 0 
6c300000-6c30e000 r-xp 00000000 fc:00 801075     /usr/lib/i386-linux-gnu/libXi.so.6.1.0
6c30e000-6c30f000 r--p 0000d000 fc:00 801075     /usr/lib/i386-linux-gnu/libXi.so.6.1.0
6c30f000-6c310000 rw-p 0000e000 fc:00 801075     /usr/lib/i386-linux-gnu/libXi.so.6.1.0
6c310000-6c315000 r-xp 00000000 fc:00 5524953    /usr/lib/libXtst.so.6.1.0
6c315000-6c316000 r--p 00004000 fc:00 5524953    /usr/lib/libXtst.so.6.1.0
6c316000-6c317000 rw-p 00005000 fc:00 5524953    /usr/lib/libXtst.so.6.1.0
6c317000-6c320000 r-xp 00000000 fc:00 800814     /usr/lib/i386-linux-gnu/libXrender.so.1.3.0
6c320000-6c321000 r--p 00008000 fc:00 800814     /usr/lib/i386-linux-gnu/libXrender.so.1.3.0
6c321000-6c322000 rw-p 00009000 fc:00 800814     /usr/lib/i386-linux-gnu/libXrender.so.1.3.0
6c322000-6c36e000 r-xp 00000000 fc:00 5907762    /usr/lib/jvm/java-6-openjdk/jre/lib/i386/xawt/libmawt.so
6c36e000-6c36f000 r--p 0004b000 fc:00 5907762    /usr/lib/jvm/java-6-openjdk/jre/lib/i386/xawt/libmawt.so
6c36f000-6c371000 rw-p 0004c000 fc:00 5907762    /usr/lib/jvm/java-6-openjdk/jre/lib/i386/xawt/libmawt.so
6c371000-6c372000 rw-p 00000000 00:00 0 
6c372000-6c3dd000 r-xp 00000000 fc:00 4325420    /tmp/libgdxreich/807098136/libgdx.so
6c3dd000-6c3de000 r--p 0006a000 fc:00 4325420    /tmp/libgdxreich/807098136/libgdx.so
6c3de000-6c3df000 rw-p 0006b000 fc:00 4325420    /tmp/libgdxreich/807098136/libgdx.so
6c3df000-6c3e0000 r--s 0011a000 00:18 30151294   /home/reich/spriter/Spriter-desktop/libs/gdx-natives.jar
6c3e0000-6c3e1000 r--s 00162000 00:18 30151291   /home/reich/spriter/Spriter-desktop/libs/gdx-backend-lwjgl-natives.jar
6c3e1000-6c3f5000 r--s 0014b000 00:18 30151293   /home/reich/spriter/Spriter-desktop/libs/gdx-backend-lwjgl.jar
6c3f5000-6c3f9000 r--s 0007d000 fc:00 5899875    /usr/lib/jvm/java-6-openjdk/jre/lib/jsse.jar
6c3f9000-6c409000 r--s 000f3000 00:18 30151313   /home/reich/spriter/Spriter/libs/gdx.jar
6c409000-6c420000 r--s 00443000 fc:00 5527703    /usr/local/share/java/jogl-j3d-gluegen/ext/jogl-all-noawt.jar
6c420000-6c421000 r--s 00023000 fc:00 5527702    /usr/local/share/java/jogl-j3d-gluegen/ext/jogl-all-natives-linux-i586.jar
6c421000-6c43c000 r--s 00479000 fc:00 5527700    /usr/local/share/java/jogl-j3d-gluegen/ext/jogl-all.jar
6c43c000-6c43d000 r--s 00000000 fc:00 5527707    /usr/local/share/java/jogl-j3d-gluegen/ext/gluegen-rt-natives-linux-i586.jar
6c43d000-6c43f000 r--s 0000f000 fc:00 5899843    /usr/lib/jvm/java-6-openjdk/jre/lib/ext/pulse-java.jar
6c43f000-6c44b000 r--s 002c7000 fc:00 5527708    /usr/local/share/java/jogl-j3d-gluegen/ext/j3dcore.jar
6c44b000-6c45f000 r--s 002ca000 fc:00 5527701    /usr/local/share/java/jogl-j3d-gluegen/ext/jogl-all-mobile.jar
6c45f000-6c470000 r--s 000b5000 fc:00 5527704    /usr/local/share/java/jogl-j3d-gluegen/ext/jogl-test.jar
6c470000-6c471000 ---p 00000000 00:00 0 
6c471000-6c4f1000 rw-p 00000000 00:00 0 
6c4f1000-6c4f4000 ---p 00000000 00:00 0 
6c4f4000-6c542000 rw-p 00000000 00:00 0 
6c542000-6c545000 ---p 00000000 00:00 0 
6c545000-6c5c3000 rw-p 00000000 00:00 0 
6c5c3000-6c5c6000 ---p 00000000 00:00 0 
6c5c6000-6c644000 rw-p 00000000 00:00 0 
6c644000-6c647000 ---p 00000000 00:00 0 
6c647000-6c695000 rw-p 00000000 00:00 0 
6c695000-6c895000 r--p 00000000 fc:00 1197144    /usr/lib/locale/locale-archive
6c895000-6c898000 ---p 00000000 00:00 0 
6c898000-6c8e6000 rw-p 00000000 00:00 0 
6c8e6000-6c8e9000 ---p 00000000 00:00 0 
6c8e9000-6c937000 rw-p 00000000 00:00 0 
6c937000-6c938000 ---p 00000000 00:00 0 
6c938000-6c9eb000 rw-p 00000000 00:00 0 
6c9eb000-6cb7d000 r--s 037c2000 fc:00 5907722    /usr/lib/jvm/java-6-openjdk/jre/lib/rt.jar
6cb7d000-6cb7e000 ---p 00000000 00:00 0 
6cb7e000-6cbfe000 rw-p 00000000 00:00 0 
6cbfe000-6cbff000 ---p 00000000 00:00 0 
6cbff000-6cc87000 rw-p 00000000 00:00 0 
6cc87000-6ccbf000 rw-p 00000000 00:00 0 
6ccbf000-6ccd4000 rw-p 00000000 00:00 0 
6ccd4000-6ce0c000 rw-p 00000000 00:00 0 
6ce0c000-6ce14000 rw-p 00000000 00:00 0 
6ce14000-6ce4c000 rw-p 00000000 00:00 0 
6ce4c000-6ce61000 rw-p 00000000 00:00 0 
6ce61000-6cf98000 rw-p 00000000 00:00 0 
6cf98000-6cfa4000 rw-p 00000000 00:00 0 
6cfa4000-6d03f000 rw-p 00000000 00:00 0 
6d03f000-6e040000 rw-p 00000000 00:00 0 
6e040000-75040000 rw-p 00000000 00:00 0 
75040000-779d0000 rw-p 00000000 00:00 0 
779d0000-9e9a0000 rw-p 00000000 00:00 0 
9e9a0000-9fe60000 rw-p 00000000 00:00 0 
9fe60000-b3640000 rw-p 00000000 00:00 0 
b3640000-b3641000 rw-s 232cd000 00:05 6639       /dev/dri/card0
b3641000-b364f000 r--s 00193000 fc:00 5527709    /usr/local/share/java/jogl-j3d-gluegen/ext/j3dutils.jar
b364f000-b3658000 rw-p 00000000 00:00 0 
b3658000-b370f000 rw-p 00000000 00:00 0 
b370f000-b394f000 rwxp 00000000 00:00 0 
b394f000-b670f000 rw-p 00000000 00:00 0 
b670f000-b6717000 rw-s 00000000 fc:00 4325426    /tmp/hsperfdata_reich/14702
b6717000-b674c000 r--s 00000000 00:0f 9935       /run/nscd/dbWinR17 (deleted)
b674c000-b6772000 r-xp 00000000 fc:00 5907748    /usr/lib/jvm/java-6-openjdk/jre/lib/i386/libjava.so
b6772000-b6773000 r--p 00025000 fc:00 5907748    /usr/lib/jvm/java-6-openjdk/jre/lib/i386/libjava.so
b6773000-b6775000 rw-p 00026000 fc:00 5907748    /usr/lib/jvm/java-6-openjdk/jre/lib/i386/libjava.so
b6775000-b677c000 r-xp 00000000 fc:00 804602     /lib/i386-linux-gnu/librt-2.13.so
b677c000-b677d000 r--p 00006000 fc:00 804602     /lib/i386-linux-gnu/librt-2.13.so
b677d000-b677e000 rw-p 00007000 fc:00 804602     /lib/i386-linux-gnu/librt-2.13.so
b677e000-b6781000 ---p 00000000 00:00 0 
b6781000-b67cf000 rw-p 00000000 00:00 0 
b67cf000-b67eb000 r-xp 00000000 fc:00 793518     /lib/i386-linux-gnu/libgcc_s.so.1
b67eb000-b67ec000 r--p 0001b000 fc:00 793518     /lib/i386-linux-gnu/libgcc_s.so.1
b67ec000-b67ed000 rw-p 0001c000 fc:00 793518     /lib/i386-linux-gnu/libgcc_s.so.1
b67ed000-b6815000 r-xp 00000000 fc:00 804618     /lib/i386-linux-gnu/libm-2.13.so
b6815000-b6816000 r--p 00028000 fc:00 804618     /lib/i386-linux-gnu/libm-2.13.so
b6816000-b6817000 rw-p 00029000 fc:00 804618     /lib/i386-linux-gnu/libm-2.13.so
b6817000-b68f5000 r-xp 00000000 fc:00 800785     /usr/lib/i386-linux-gnu/libstdc++.so.6.0.16
b68f5000-b68f6000 ---p 000de000 fc:00 800785     /usr/lib/i386-linux-gnu/libstdc++.so.6.0.16
b68f6000-b68fa000 r--p 000de000 fc:00 800785     /usr/lib/i386-linux-gnu/libstdc++.so.6.0.16
b68fa000-b68fb000 rw-p 000e2000 fc:00 800785     /usr/lib/i386-linux-gnu/libstdc++.so.6.0.16
b68fb000-b6902000 rw-p 00000000 00:00 0 
b6902000-b7122000 r-xp 00000000 fc:00 5907730    /usr/lib/jvm/java-6-openjdk/jre/lib/i386/server/libjvm.so
b7122000-b7167000 r--p 0081f000 fc:00 5907730    /usr/lib/jvm/java-6-openjdk/jre/lib/i386/server/libjvm.so
b7167000-b7176000 rw-p 00864000 fc:00 5907730    /usr/lib/jvm/java-6-openjdk/jre/lib/i386/server/libjvm.so
b7176000-b7592000 rw-p 00000000 00:00 0 
b7592000-b75a5000 r-xp 00000000 fc:00 793569     /lib/i386-linux-gnu/libz.so.1.2.3.4
b75a5000-b75a6000 r--p 00012000 fc:00 793569     /lib/i386-linux-gnu/libz.so.1.2.3.4
b75a6000-b75a7000 rw-p 00013000 fc:00 793569     /lib/i386-linux-gnu/libz.so.1.2.3.4
b75a7000-b7723000 r-xp 00000000 fc:00 804600     /lib/i386-linux-gnu/libc-2.13.so
b7723000-b7725000 r--p 0017c000 fc:00 804600     /lib/i386-linux-gnu/libc-2.13.so
b7725000-b7726000 rw-p 0017e000 fc:00 804600     /lib/i386-linux-gnu/libc-2.13.so
b7726000-b7729000 rw-p 00000000 00:00 0 
b7729000-b772c000 r-xp 00000000 fc:00 804616     /lib/i386-linux-gnu/libdl-2.13.so
b772c000-b772d000 r--p 00002000 fc:00 804616     /lib/i386-linux-gnu/libdl-2.13.so
b772d000-b772e000 rw-p 00003000 fc:00 804616     /lib/i386-linux-gnu/libdl-2.13.so
b772e000-b7732000 r-xp 00000000 fc:00 5907744    /usr/lib/jvm/java-6-openjdk/jre/lib/i386/jli/libjli.so
b7732000-b7733000 r--p 00003000 fc:00 5907744    /usr/lib/jvm/java-6-openjdk/jre/lib/i386/jli/libjli.so
b7733000-b7734000 rw-p 00004000 fc:00 5907744    /usr/lib/jvm/java-6-openjdk/jre/lib/i386/jli/libjli.so
b7734000-b7735000 rw-p 00000000 00:00 0 
b7735000-b774c000 r-xp 00000000 fc:00 804614     /lib/i386-linux-gnu/libpthread-2.13.so
b774c000-b774d000 r--p 00016000 fc:00 804614     /lib/i386-linux-gnu/libpthread-2.13.so
b774d000-b774e000 rw-p 00017000 fc:00 804614     /lib/i386-linux-gnu/libpthread-2.13.so
b774e000-b7750000 rw-p 00000000 00:00 0 
b7750000-b7751000 rwxp 00000000 00:00 0 
b7751000-b7753000 r--s 0004c000 fc:00 5527710    /usr/local/share/java/jogl-j3d-gluegen/ext/vecmath.jar
b7753000-b775b000 r--s 00089000 fc:00 5527705    /usr/local/share/java/jogl-j3d-gluegen/ext/gluegen.jar
b775b000-b7760000 r--s 0002c000 fc:00 5527706    /usr/local/share/java/jogl-j3d-gluegen/ext/gluegen-rt.jar
b7760000-b7767000 r-xp 00000000 fc:00 5907728    /usr/lib/jvm/java-6-openjdk/jre/lib/i386/libzip.so
b7767000-b7768000 r--p 00006000 fc:00 5907728    /usr/lib/jvm/java-6-openjdk/jre/lib/i386/libzip.so
b7768000-b7769000 rw-p 00007000 fc:00 5907728    /usr/lib/jvm/java-6-openjdk/jre/lib/i386/libzip.so
b7769000-b776a000 rw-p 00000000 00:00 0 
b776a000-b776b000 r--p 00000000 00:00 0 
b776b000-b7776000 r-xp 00000000 fc:00 5907735    /usr/lib/jvm/java-6-openjdk/jre/lib/i386/libverify.so
b7776000-b7777000 ---p 0000b000 fc:00 5907735    /usr/lib/jvm/java-6-openjdk/jre/lib/i386/libverify.so
b7777000-b7778000 r--p 0000b000 fc:00 5907735    /usr/lib/jvm/java-6-openjdk/jre/lib/i386/libverify.so
b7778000-b7779000 rw-p 0000c000 fc:00 5907735    /usr/lib/jvm/java-6-openjdk/jre/lib/i386/libverify.so
b7779000-b777b000 rw-p 00000000 00:00 0 
b777b000-b777c000 r-xp 00000000 00:00 0          [vdso]
b777c000-b779a000 r-xp 00000000 fc:00 804619     /lib/i386-linux-gnu/ld-2.13.so
b779a000-b779b000 r--p 0001d000 fc:00 804619     /lib/i386-linux-gnu/ld-2.13.so
b779b000-b779c000 rw-p 0001e000 fc:00 804619     /lib/i386-linux-gnu/ld-2.13.so
bfd0d000-bfd2e000 rw-p 00000000 00:00 0          [stack]

VM Arguments:
jvm_args: -Dfile.encoding=UTF-8 
java_command: com.spriter.Main
Launcher Type: SUN_STANDARD

Environment Variables:
PATH=/opt/maple9.5/bin:/usr/local/sbin:/usr/local/bin:/usr/sbin:/usr/bin:/sbin:/bin:/usr/games:/opt/root/5.32.01/bin
LD_LIBRARY_PATH=/usr/lib/jvm/java-6-openjdk/jre/lib/i386/server:/usr/lib/jvm/java-6-openjdk/jre/lib/i386:/usr/lib/jvm/java-6-openjdk/jre/../lib/i386:/usr/lib/jvm/java-6-openjdk/jre/lib/i386/client:/usr/lib/jvm/java-6-openjdk/jre/lib/i386:
SHELL=/bin/tcsh
DISPLAY=:0.0
HOSTTYPE=i386-linux
OSTYPE=linux
MACHTYPE=i386

Signal Handlers:
SIGSEGV: [libjvm.so+0x66b840], sa_mask[0]=0x7ffbfeff, sa_flags=0x10000004
SIGBUS: [libjvm.so+0x66b840], sa_mask[0]=0x7ffbfeff, sa_flags=0x10000004
SIGFPE: [libjvm.so+0x52eb20], sa_mask[0]=0x7ffbfeff, sa_flags=0x10000004
SIGPIPE: [libjvm.so+0x52eb20], sa_mask[0]=0x7ffbfeff, sa_flags=0x10000004
SIGXFSZ: [libjvm.so+0x52eb20], sa_mask[0]=0x7ffbfeff, sa_flags=0x10000004
SIGILL: [libjvm.so+0x52eb20], sa_mask[0]=0x7ffbfeff, sa_flags=0x10000004
SIGUSR1: SIG_DFL, sa_mask[0]=0x00000000, sa_flags=0x00000000
SIGUSR2: [libjvm.so+0x52e9b0], sa_mask[0]=0x00000004, sa_flags=0x10000004
SIGHUP: [libjvm.so+0x531a50], sa_mask[0]=0x7ffbfeff, sa_flags=0x10000004
SIGINT: [libjvm.so+0x531a50], sa_mask[0]=0x7ffbfeff, sa_flags=0x10000004
SIGTERM: [libjvm.so+0x531a50], sa_mask[0]=0x7ffbfeff, sa_flags=0x10000004
SIGQUIT: [libjvm.so+0x531a50], sa_mask[0]=0x7ffbfeff, sa_flags=0x10000004


---------------  S Y S T E M  ---------------

OS:Ubuntu 11.10 (oneiric)
uname:Linux 3.0.0-27-generic-pae #44-Ubuntu SMP Tue Oct 16 17:13:32 UTC 2012 i686
libc:glibc 2.13 NPTL 2.13 
rlimit: STACK 8192k, CORE 0k, NPROC 31740, NOFILE 4096, AS infinity
load average:1.41 1.17 1.05

/proc/meminfo:
MemTotal:        4083068 kB
MemFree:          845856 kB
Buffers:          238784 kB
Cached:          2184000 kB
SwapCached:            0 kB
Active:          1499404 kB
Inactive:        1547828 kB
Active(anon):     742264 kB
Inactive(anon):   109288 kB
Active(file):     757140 kB
Inactive(file):  1438540 kB
Unevictable:         192 kB
Mlocked:             192 kB
HighTotal:       3241928 kB
HighFree:         410440 kB
LowTotal:         841140 kB
LowFree:          435416 kB
SwapTotal:      16777212 kB
SwapFree:       16777212 kB
Dirty:                48 kB
Writeback:             0 kB
AnonPages:        624964 kB
Mapped:           185364 kB
Shmem:            226964 kB
Slab:             126440 kB
SReclaimable:     112044 kB
SUnreclaim:        14396 kB
KernelStack:        3352 kB
PageTables:         7900 kB
NFS_Unstable:          0 kB
Bounce:                0 kB
WritebackTmp:          0 kB
CommitLimit:    18818744 kB
Committed_AS:    2719888 kB
VmallocTotal:     122880 kB
VmallocUsed:       42980 kB
VmallocChunk:      72584 kB
HardwareCorrupted:     0 kB
AnonHugePages:         0 kB
HugePages_Total:       0
HugePages_Free:        0
HugePages_Rsvd:        0
HugePages_Surp:        0
Hugepagesize:       2048 kB
DirectMap4k:       12280 kB
DirectMap2M:      901120 kB


CPU:total 2 (2 cores per cpu, 1 threads per core) family 6 model 23 stepping 10, cmov, cx8, fxsr, mmx, sse, sse2, sse3, ssse3

Memory: 4k page, physical 4083068k(845856k free), swap 16777212k(16777212k free)

vm_info: OpenJDK Server VM (20.0-b12) for linux-x86 JRE (1.6.0_24-b24), built on Oct 24 2012 16:30:02 by "buildd" with gcc 4.6.1

time: Tue Nov 27 13:40:49 2012
elapsed time: 114 seconds

